Base path: /home/pauty/Unity/Hub/Editor/2018.3.5f1/Editor/Data
Cmd: initializeCompiler
Cmd: compileComputeKernel
  api=15 insize=2059 outsize=4045 ok=1
Cmd: compileComputeKernel
  api=15 insize=1176 outsize=1801 ok=1
Cmd: compileComputeKernel
  api=18 insize=1176 outsize=3069 ok=1
Cmd: compileComputeKernel
  api=15 insize=3070 outsize=83401 ok=1
Cmd: compileComputeKernel
  api=15 insize=10881 outsize=18161 ok=1
Cmd: compileComputeKernel
  api=18 insize=10881 outsize=40181 ok=1
Cmd: compileComputeKernel
  api=18 insize=10881 outsize=48685 ok=1
Cmd: compileComputeKernel
  api=15 insize=4855 outsize=7449 ok=1
Cmd: compileComputeKernel
  api=18 insize=4855 outsize=38013 ok=1
Cmd: compileComputeKernel
  api=18 insize=3396 outsize=9925 ok=1
Cmd: compileComputeKernel
  api=15 insize=18299 outsize=16357 ok=1
Cmd: compileComputeKernel
  api=15 insize=18299 outsize=16841 ok=1
Cmd: compileComputeKernel
  api=15 insize=18299 outsize=24733 ok=1
Cmd: compileComputeKernel
  api=18 insize=18299 outsize=33305 ok=1
Cmd: compileComputeKernel
  api=18 insize=18299 outsize=56261 ok=1
Cmd: compileComputeKernel
  api=15 insize=3072 outsize=3313 ok=1
Cmd: compileComputeKernel
  api=18 insize=1806 outsize=6545 ok=1
Cmd: compileComputeKernel
  api=18 insize=1806 outsize=2481 ok=1
Cmd: compileComputeKernel
  api=18 insize=1454 outsize=6817 ok=1
Cmd: compileComputeKernel
  api=15 insize=2044 outsize=1873 ok=1
Cmd: initializeCompiler
Cmd: initializeCompiler
Cmd: initializeCompiler
Cmd: initializeCompiler
Cmd: initializeCompiler
Cmd: initializeCompiler
Cmd: initializeCompiler
Cmd: initializeCompiler
Cmd: initializeCompiler
Cmd: initializeCompiler
Cmd: initializeCompiler
Cmd: initializeCompiler
Cmd: initializeCompiler
Cmd: initializeCompiler
Cmd: initializeCompiler
Cmd: initializeCompiler
Cmd: initializeCompiler
Cmd: initializeCompiler
Cmd: initializeCompiler
Cmd: initializeCompiler
Cmd: initializeCompiler
Cmd: initializeCompiler
Cmd: initializeCompiler
Cmd: initializeCompiler
Cmd: initializeCompiler
Cmd: initializeCompiler
Cmd: initializeCompiler
Cmd: initializeCompiler
Cmd: initializeCompiler
Cmd: initializeCompiler
Cmd: initializeCompiler
Cmd: initializeCompiler
Cmd: initializeCompiler
Cmd: initializeCompiler
Cmd: initializeCompiler

Quitting shader compiler process
