Base path: /home/pauty/Unity/Hub/Editor/2018.3.5f1/Editor/Data
Cmd: initializeCompiler
Cmd: compileComputeKernel
  api=18 insize=2059 outsize=7133 ok=1
Cmd: compileComputeKernel
  api=18 insize=1176 outsize=3345 ok=1
Cmd: compileComputeKernel
  api=15 insize=3070 outsize=82913 ok=1
Cmd: compileComputeKernel
  api=15 insize=10881 outsize=21589 ok=1
Cmd: compileComputeKernel
  api=15 insize=4855 outsize=8265 ok=1
Cmd: compileComputeKernel
  api=18 insize=4855 outsize=15653 ok=1
Cmd: compileComputeKernel
  api=15 insize=3396 outsize=5929 ok=1
Cmd: compileComputeKernel
  api=15 insize=18299 outsize=16033 ok=1
Cmd: compileComputeKernel
  api=15 insize=18299 outsize=16041 ok=1
Cmd: compileComputeKernel
  api=15 insize=18299 outsize=25181 ok=1
Cmd: compileComputeKernel
  api=18 insize=18299 outsize=34261 ok=1
Cmd: compileComputeKernel
  api=18 insize=18299 outsize=56093 ok=1
Cmd: compileComputeKernel
  api=18 insize=5435 outsize=25001 ok=1
Cmd: compileComputeKernel
  api=15 insize=3072 outsize=901 ok=1
Cmd: compileComputeKernel
  api=18 insize=3072 outsize=1237 ok=1
Cmd: compileComputeKernel
  api=15 insize=1806 outsize=1925 ok=1
Cmd: compileComputeKernel
  api=15 insize=1454 outsize=1777 ok=1
Cmd: compileComputeKernel
  api=18 insize=1454 outsize=2329 ok=1
Cmd: compileComputeKernel
  api=18 insize=2044 outsize=4097 ok=1
Cmd: initializeCompiler
Cmd: initializeCompiler
Cmd: initializeCompiler
Cmd: initializeCompiler
Cmd: initializeCompiler
Cmd: initializeCompiler
Cmd: initializeCompiler
Cmd: initializeCompiler
Cmd: initializeCompiler
Cmd: initializeCompiler
Cmd: initializeCompiler
Cmd: initializeCompiler
Cmd: initializeCompiler
Cmd: initializeCompiler
Cmd: initializeCompiler
Cmd: initializeCompiler
Cmd: initializeCompiler
Cmd: initializeCompiler
Cmd: initializeCompiler
Cmd: initializeCompiler
Cmd: initializeCompiler
Cmd: initializeCompiler
Cmd: initializeCompiler
Cmd: initializeCompiler
Cmd: initializeCompiler
Cmd: initializeCompiler
Cmd: initializeCompiler
Cmd: initializeCompiler
Cmd: initializeCompiler
Cmd: initializeCompiler
Cmd: initializeCompiler
Cmd: initializeCompiler
Cmd: initializeCompiler
Cmd: initializeCompiler
Cmd: initializeCompiler

Quitting shader compiler process
